
*** Running vivado
    with args -log top_config.vds -m64 -product Vivado -mode batch -messageDb vivado.pb -notrace -source top_config.tcl


****** Vivado v2018.3 (64-bit)
  **** SW Build 2405991 on Thu Dec  6 23:38:27 MST 2018
  **** IP Build 2404404 on Fri Dec  7 01:43:56 MST 2018
    ** Copyright 1986-2018 Xilinx, Inc. All Rights Reserved.

source top_config.tcl -notrace
Command: synth_design -top top_config -part xc7z020clg400-1
Starting synth_design
Attempting to get a license for feature 'Synthesis' and/or device 'xc7z020'
INFO: [Common 17-349] Got license for feature 'Synthesis' and/or device 'xc7z020'
INFO: Launching helper process for spawning children vivado processes
INFO: Helper process launched with PID 4924 
---------------------------------------------------------------------------------
Starting RTL Elaboration : Time (s): cpu = 00:00:01 ; elapsed = 00:00:02 . Memory (MB): peak = 342.855 ; gain = 73.008
---------------------------------------------------------------------------------
INFO: [Synth 8-6157] synthesizing module 'top_config' [D:/vivadoproject/Tero/Tero.srcs/sources_1/new/top_config.v:23]
	Parameter CSCntWidth bound to: 8 - type: integer 
	Parameter cyc_num bound to: 4 - type: integer 
	Parameter length_ro1 bound to: 3 - type: integer 
	Parameter length_ro2 bound to: 3 - type: integer 
INFO: [Synth 8-6157] synthesizing module 'config_tero' [D:/vivadoproject/Tero/Tero.srcs/sources_1/new/config_tero.v:23]
	Parameter length_ro1 bound to: 3 - type: integer 
	Parameter length_ro2 bound to: 3 - type: integer 
INFO: [Synth 8-5534] Detected attribute (* DONT_TOUCH = "true" *) [D:/vivadoproject/Tero/Tero.srcs/sources_1/new/config_tero.v:35]
INFO: [Synth 8-6157] synthesizing module 'matchedStage' [D:/vivadoproject/Tero/Tero.srcs/sources_1/new/matchedStage.v:21]
INFO: [Synth 8-6157] synthesizing module 'LUT6' [D:/Vivado/Vivado/2018.3/scripts/rt/data/unisim_comp.v:26626]
	Parameter INIT bound to: 64'b1010101010101010110011001100110011110000111100001111111100000000 
INFO: [Synth 8-6155] done synthesizing module 'LUT6' (1#1) [D:/Vivado/Vivado/2018.3/scripts/rt/data/unisim_comp.v:26626]
INFO: [Synth 8-6155] done synthesizing module 'matchedStage' (2#1) [D:/vivadoproject/Tero/Tero.srcs/sources_1/new/matchedStage.v:21]
INFO: [Synth 8-6157] synthesizing module 'nand_gate' [D:/vivadoproject/Tero/Tero.srcs/sources_1/new/nand_gate.v:21]
INFO: [Synth 8-6157] synthesizing module 'LUT6__parameterized0' [D:/Vivado/Vivado/2018.3/scripts/rt/data/unisim_comp.v:26626]
	Parameter INIT bound to: 64'b0000000000000000111111111111111111111111111111111111111111111111 
INFO: [Synth 8-6155] done synthesizing module 'LUT6__parameterized0' (2#1) [D:/Vivado/Vivado/2018.3/scripts/rt/data/unisim_comp.v:26626]
INFO: [Synth 8-6155] done synthesizing module 'nand_gate' (3#1) [D:/vivadoproject/Tero/Tero.srcs/sources_1/new/nand_gate.v:21]
INFO: [Synth 8-6155] done synthesizing module 'config_tero' (4#1) [D:/vivadoproject/Tero/Tero.srcs/sources_1/new/config_tero.v:23]
INFO: [Synth 8-6157] synthesizing module 'asyncCounter' [D:/vivadoproject/Tero/Tero.srcs/sources_1/new/asyn_counter.v:25]
	Parameter width bound to: 8 - type: integer 
INFO: [Synth 8-6157] synthesizing module 'TFF' [D:/vivadoproject/Tero/Tero.srcs/sources_1/new/TFF.v:21]
INFO: [Synth 8-6157] synthesizing module 'FDCE' [D:/Vivado/Vivado/2018.3/scripts/rt/data/unisim_comp.v:3755]
	Parameter INIT bound to: 1'b0 
	Parameter IS_CLR_INVERTED bound to: 1'b0 
	Parameter IS_C_INVERTED bound to: 1'b0 
	Parameter IS_D_INVERTED bound to: 1'b0 
INFO: [Synth 8-6155] done synthesizing module 'FDCE' (5#1) [D:/Vivado/Vivado/2018.3/scripts/rt/data/unisim_comp.v:3755]
INFO: [Synth 8-6155] done synthesizing module 'TFF' (6#1) [D:/vivadoproject/Tero/Tero.srcs/sources_1/new/TFF.v:21]
INFO: [Synth 8-6155] done synthesizing module 'asyncCounter' (7#1) [D:/vivadoproject/Tero/Tero.srcs/sources_1/new/asyn_counter.v:25]
INFO: [Synth 8-6157] synthesizing module 'controller' [D:/vivadoproject/Tero/Tero.srcs/sources_1/new/controller.v:23]
	Parameter width bound to: 8 - type: integer 
	Parameter cyc_num bound to: 4 - type: integer 
	Parameter s_reset bound to: 3'b000 
	Parameter s_osci bound to: 3'b001 
	Parameter s_check0 bound to: 3'b010 
	Parameter s_check1 bound to: 3'b011 
	Parameter s_send bound to: 3'b100 
INFO: [Synth 8-6155] done synthesizing module 'controller' (8#1) [D:/vivadoproject/Tero/Tero.srcs/sources_1/new/controller.v:23]
INFO: [Synth 8-6155] done synthesizing module 'top_config' (9#1) [D:/vivadoproject/Tero/Tero.srcs/sources_1/new/top_config.v:23]
---------------------------------------------------------------------------------
Finished RTL Elaboration : Time (s): cpu = 00:00:02 ; elapsed = 00:00:03 . Memory (MB): peak = 398.602 ; gain = 128.754
---------------------------------------------------------------------------------

Report Check Netlist: 
+------+------------------+-------+---------+-------+------------------+
|      |Item              |Errors |Warnings |Status |Description       |
+------+------------------+-------+---------+-------+------------------+
|1     |multi_driven_nets |      0|        0|Passed |Multi driven nets |
+------+------------------+-------+---------+-------+------------------+
---------------------------------------------------------------------------------
Start Handling Custom Attributes
---------------------------------------------------------------------------------
---------------------------------------------------------------------------------
Finished Handling Custom Attributes : Time (s): cpu = 00:00:02 ; elapsed = 00:00:03 . Memory (MB): peak = 398.602 ; gain = 128.754
---------------------------------------------------------------------------------
---------------------------------------------------------------------------------
Finished RTL Optimization Phase 1 : Time (s): cpu = 00:00:02 ; elapsed = 00:00:03 . Memory (MB): peak = 398.602 ; gain = 128.754
---------------------------------------------------------------------------------
INFO: [Device 21-403] Loading part xc7z020clg400-1
INFO: [Project 1-570] Preparing netlist for logic optimization

Processing XDC Constraints
Initializing timing engine
Parsing XDC File [D:/vivadoproject/Tero/Tero.srcs/constrs_1/new/config.xdc]
Finished Parsing XDC File [D:/vivadoproject/Tero/Tero.srcs/constrs_1/new/config.xdc]
Completed Processing XDC Constraints

Netlist sorting complete. Time (s): cpu = 00:00:00 ; elapsed = 00:00:00 . Memory (MB): peak = 744.371 ; gain = 0.000
INFO: [Project 1-111] Unisim Transformation Summary:
No Unisim elements were transformed.

Netlist sorting complete. Time (s): cpu = 00:00:00 ; elapsed = 00:00:00 . Memory (MB): peak = 744.371 ; gain = 0.000
Constraint Validation Runtime : Time (s): cpu = 00:00:00 ; elapsed = 00:00:00.009 . Memory (MB): peak = 744.371 ; gain = 0.000
---------------------------------------------------------------------------------
Finished Constraint Validation : Time (s): cpu = 00:00:08 ; elapsed = 00:00:09 . Memory (MB): peak = 744.371 ; gain = 474.523
---------------------------------------------------------------------------------
---------------------------------------------------------------------------------
Start Loading Part and Timing Information
---------------------------------------------------------------------------------
Loading part: xc7z020clg400-1
---------------------------------------------------------------------------------
Finished Loading Part and Timing Information : Time (s): cpu = 00:00:08 ; elapsed = 00:00:09 . Memory (MB): peak = 744.371 ; gain = 474.523
---------------------------------------------------------------------------------
---------------------------------------------------------------------------------
Start Applying 'set_property' XDC Constraints
---------------------------------------------------------------------------------
WARNING: set_property ALLOW_COMBINATORIAL_LOOPS could not find object (constraint file  D:/vivadoproject/Tero/Tero.srcs/constrs_1/new/config.xdc, line 4).
WARNING: set_property ALLOW_COMBINATORIAL_LOOPS could not find object (constraint file  D:/vivadoproject/Tero/Tero.srcs/constrs_1/new/config.xdc, line 5).
WARNING: set_property ALLOW_COMBINATORIAL_LOOPS could not find object (constraint file  D:/vivadoproject/Tero/Tero.srcs/constrs_1/new/config.xdc, line 6).
WARNING: set_property ALLOW_COMBINATORIAL_LOOPS could not find object (constraint file  D:/vivadoproject/Tero/Tero.srcs/constrs_1/new/config.xdc, line 7).
WARNING: set_property ALLOW_COMBINATORIAL_LOOPS could not find object (constraint file  D:/vivadoproject/Tero/Tero.srcs/constrs_1/new/config.xdc, line 8).
WARNING: set_property ALLOW_COMBINATORIAL_LOOPS could not find object (constraint file  D:/vivadoproject/Tero/Tero.srcs/constrs_1/new/config.xdc, line 9).
WARNING: set_property ALLOW_COMBINATORIAL_LOOPS could not find object (constraint file  D:/vivadoproject/Tero/Tero.srcs/constrs_1/new/config.xdc, line 10).
WARNING: set_property ALLOW_COMBINATORIAL_LOOPS could not find object (constraint file  D:/vivadoproject/Tero/Tero.srcs/constrs_1/new/config.xdc, line 11).
---------------------------------------------------------------------------------
Finished applying 'set_property' XDC Constraints : Time (s): cpu = 00:00:08 ; elapsed = 00:00:10 . Memory (MB): peak = 744.371 ; gain = 474.523
---------------------------------------------------------------------------------
INFO: [Synth 8-802] inferred FSM for state register 'current_State_reg' in module 'controller'
INFO: [Synth 8-5544] ROM "rst_c" won't be mapped to Block RAM because address size (3) smaller than threshold (5)
INFO: [Synth 8-5544] ROM "enable_ro" won't be mapped to Block RAM because address size (3) smaller than threshold (5)
INFO: [Synth 8-5544] ROM "next_State" won't be mapped to Block RAM because address size (1) smaller than threshold (5)
INFO: [Synth 8-5544] ROM "next_State" won't be mapped to Block RAM because address size (1) smaller than threshold (5)
---------------------------------------------------------------------------------------------------
                   State |                     New Encoding |                Previous Encoding 
---------------------------------------------------------------------------------------------------
                 s_reset |                            00001 |                              000
                  s_osci |                            00010 |                              001
                s_check0 |                            00100 |                              010
                s_check1 |                            01000 |                              011
                  s_send |                            10000 |                              100
---------------------------------------------------------------------------------------------------
INFO: [Synth 8-3354] encoded FSM with state register 'current_State_reg' using encoding 'one-hot' in module 'controller'
---------------------------------------------------------------------------------
Finished RTL Optimization Phase 2 : Time (s): cpu = 00:00:09 ; elapsed = 00:00:10 . Memory (MB): peak = 744.371 ; gain = 474.523
---------------------------------------------------------------------------------

Report RTL Partitions: 
+-+--------------+------------+----------+
| |RTL Partition |Replication |Instances |
+-+--------------+------------+----------+
+-+--------------+------------+----------+
---------------------------------------------------------------------------------
Start RTL Component Statistics 
---------------------------------------------------------------------------------
Detailed RTL Component Info : 
+---Adders : 
	   2 Input      3 Bit       Adders := 1     
+---Registers : 
	                8 Bit    Registers := 2     
	                3 Bit    Registers := 1     
+---Muxes : 
	   5 Input      8 Bit        Muxes := 1     
	   5 Input      5 Bit        Muxes := 1     
	   2 Input      5 Bit        Muxes := 3     
	   5 Input      1 Bit        Muxes := 2     
---------------------------------------------------------------------------------
Finished RTL Component Statistics 
---------------------------------------------------------------------------------
---------------------------------------------------------------------------------
Start RTL Hierarchical Component Statistics 
---------------------------------------------------------------------------------
Hierarchical RTL Component report 
Module controller 
Detailed RTL Component Info : 
+---Adders : 
	   2 Input      3 Bit       Adders := 1     
+---Registers : 
	                8 Bit    Registers := 2     
	                3 Bit    Registers := 1     
+---Muxes : 
	   5 Input      8 Bit        Muxes := 1     
	   5 Input      5 Bit        Muxes := 1     
	   2 Input      5 Bit        Muxes := 3     
	   5 Input      1 Bit        Muxes := 2     
---------------------------------------------------------------------------------
Finished RTL Hierarchical Component Statistics
---------------------------------------------------------------------------------
---------------------------------------------------------------------------------
Start Part Resource Summary
---------------------------------------------------------------------------------
Part Resources:
DSPs: 220 (col length:60)
BRAMs: 280 (col length: RAMB18 60 RAMB36 30)
---------------------------------------------------------------------------------
Finished Part Resource Summary
---------------------------------------------------------------------------------
---------------------------------------------------------------------------------
Start Cross Boundary and Area Optimization
---------------------------------------------------------------------------------
Warning: Parallel synthesis criteria is not met 
---------------------------------------------------------------------------------
Finished Cross Boundary and Area Optimization : Time (s): cpu = 00:00:09 ; elapsed = 00:00:10 . Memory (MB): peak = 744.371 ; gain = 474.523
---------------------------------------------------------------------------------

Report RTL Partitions: 
+-+--------------+------------+----------+
| |RTL Partition |Replication |Instances |
+-+--------------+------------+----------+
+-+--------------+------------+----------+
---------------------------------------------------------------------------------
Start Applying XDC Timing Constraints
---------------------------------------------------------------------------------
---------------------------------------------------------------------------------
Finished Applying XDC Timing Constraints : Time (s): cpu = 00:00:15 ; elapsed = 00:00:17 . Memory (MB): peak = 751.906 ; gain = 482.059
---------------------------------------------------------------------------------
---------------------------------------------------------------------------------
Start Timing Optimization
---------------------------------------------------------------------------------
---------------------------------------------------------------------------------
Finished Timing Optimization : Time (s): cpu = 00:00:15 ; elapsed = 00:00:17 . Memory (MB): peak = 751.906 ; gain = 482.059
---------------------------------------------------------------------------------

Report RTL Partitions: 
+-+--------------+------------+----------+
| |RTL Partition |Replication |Instances |
+-+--------------+------------+----------+
+-+--------------+------------+----------+
---------------------------------------------------------------------------------
Start Technology Mapping
---------------------------------------------------------------------------------
---------------------------------------------------------------------------------
Finished Technology Mapping : Time (s): cpu = 00:00:15 ; elapsed = 00:00:17 . Memory (MB): peak = 761.941 ; gain = 492.094
---------------------------------------------------------------------------------

Report RTL Partitions: 
+-+--------------+------------+----------+
| |RTL Partition |Replication |Instances |
+-+--------------+------------+----------+
+-+--------------+------------+----------+
---------------------------------------------------------------------------------
Start IO Insertion
---------------------------------------------------------------------------------
---------------------------------------------------------------------------------
Start Flattening Before IO Insertion
---------------------------------------------------------------------------------
---------------------------------------------------------------------------------
Finished Flattening Before IO Insertion
---------------------------------------------------------------------------------
---------------------------------------------------------------------------------
Start Final Netlist Cleanup
---------------------------------------------------------------------------------
---------------------------------------------------------------------------------
Finished Final Netlist Cleanup
---------------------------------------------------------------------------------
---------------------------------------------------------------------------------
Finished IO Insertion : Time (s): cpu = 00:00:16 ; elapsed = 00:00:18 . Memory (MB): peak = 761.941 ; gain = 492.094
---------------------------------------------------------------------------------

Report Check Netlist: 
+------+------------------+-------+---------+-------+------------------+
|      |Item              |Errors |Warnings |Status |Description       |
+------+------------------+-------+---------+-------+------------------+
|1     |multi_driven_nets |      0|        0|Passed |Multi driven nets |
+------+------------------+-------+---------+-------+------------------+
---------------------------------------------------------------------------------
Start Renaming Generated Instances
---------------------------------------------------------------------------------
---------------------------------------------------------------------------------
Finished Renaming Generated Instances : Time (s): cpu = 00:00:16 ; elapsed = 00:00:18 . Memory (MB): peak = 761.941 ; gain = 492.094
---------------------------------------------------------------------------------

Report RTL Partitions: 
+-+--------------+------------+----------+
| |RTL Partition |Replication |Instances |
+-+--------------+------------+----------+
+-+--------------+------------+----------+
---------------------------------------------------------------------------------
Start Rebuilding User Hierarchy
---------------------------------------------------------------------------------
---------------------------------------------------------------------------------
Finished Rebuilding User Hierarchy : Time (s): cpu = 00:00:16 ; elapsed = 00:00:18 . Memory (MB): peak = 761.941 ; gain = 492.094
---------------------------------------------------------------------------------
---------------------------------------------------------------------------------
Start Renaming Generated Ports
---------------------------------------------------------------------------------
---------------------------------------------------------------------------------
Finished Renaming Generated Ports : Time (s): cpu = 00:00:16 ; elapsed = 00:00:18 . Memory (MB): peak = 761.941 ; gain = 492.094
---------------------------------------------------------------------------------
---------------------------------------------------------------------------------
Start Handling Custom Attributes
---------------------------------------------------------------------------------
---------------------------------------------------------------------------------
Finished Handling Custom Attributes : Time (s): cpu = 00:00:16 ; elapsed = 00:00:18 . Memory (MB): peak = 761.941 ; gain = 492.094
---------------------------------------------------------------------------------
---------------------------------------------------------------------------------
Start Renaming Generated Nets
---------------------------------------------------------------------------------
---------------------------------------------------------------------------------
Finished Renaming Generated Nets : Time (s): cpu = 00:00:16 ; elapsed = 00:00:18 . Memory (MB): peak = 761.941 ; gain = 492.094
---------------------------------------------------------------------------------
---------------------------------------------------------------------------------
Start Writing Synthesis Report
---------------------------------------------------------------------------------

Report BlackBoxes: 
+-+--------------+----------+
| |BlackBox name |Instances |
+-+--------------+----------+
+-+--------------+----------+

Report Cell Usage: 
+------+-----+------+
|      |Cell |Count |
+------+-----+------+
|1     |BUFG |     1|
|2     |LUT1 |     8|
|3     |LUT2 |     6|
|4     |LUT3 |     3|
|5     |LUT4 |     1|
|6     |LUT5 |     1|
|7     |LUT6 |    44|
|8     |FDCE |    12|
|9     |FDPE |     1|
|10    |FDRE |    19|
|11    |IBUF |     2|
|12    |OBUF |     8|
+------+-----+------+

Report Instance Areas: 
+------+---------------------+----------------+------+
|      |Instance             |Module          |Cells |
+------+---------------------+----------------+------+
|1     |top                  |                |   106|
|2     |  config_tero_inst   |config_tero     |    33|
|3     |    MUX              |matchedStage    |     1|
|4     |    N0               |nand_gate       |     1|
|5     |    N1               |nand_gate_7     |     1|
|6     |    N2               |nand_gate_8     |     1|
|7     |    N3               |nand_gate_9     |     1|
|8     |    N4               |nand_gate_10    |     1|
|9     |    N5               |nand_gate_11    |     1|
|10    |    N6               |nand_gate_12    |     1|
|11    |    N7               |nand_gate_13    |     1|
|12    |    \stage1[0].S0    |matchedStage_14 |     1|
|13    |    \stage1[0].S1    |matchedStage_15 |     1|
|14    |    \stage1[0].S2    |matchedStage_16 |     1|
|15    |    \stage1[0].S3    |matchedStage_17 |     1|
|16    |    \stage1[1].S0    |matchedStage_18 |     1|
|17    |    \stage1[1].S1    |matchedStage_19 |     1|
|18    |    \stage1[1].S2    |matchedStage_20 |     1|
|19    |    \stage1[1].S3    |matchedStage_21 |     1|
|20    |    \stage1[2].S0    |matchedStage_22 |     1|
|21    |    \stage1[2].S1    |matchedStage_23 |     1|
|22    |    \stage1[2].S2    |matchedStage_24 |     1|
|23    |    \stage1[2].S3    |matchedStage_25 |     1|
|24    |    \stage2[0].S4    |matchedStage_26 |     1|
|25    |    \stage2[0].S5    |matchedStage_27 |     1|
|26    |    \stage2[0].S6    |matchedStage_28 |     1|
|27    |    \stage2[0].S7    |matchedStage_29 |     1|
|28    |    \stage2[1].S4    |matchedStage_30 |     1|
|29    |    \stage2[1].S5    |matchedStage_31 |     1|
|30    |    \stage2[1].S6    |matchedStage_32 |     1|
|31    |    \stage2[1].S7    |matchedStage_33 |     1|
|32    |    \stage2[2].S4    |matchedStage_34 |     1|
|33    |    \stage2[2].S5    |matchedStage_35 |     1|
|34    |    \stage2[2].S6    |matchedStage_36 |     1|
|35    |    \stage2[2].S7    |matchedStage_37 |     1|
|36    |  control_inst       |controller      |    46|
|37    |  counter_inst       |asyncCounter    |     9|
|38    |    \counter[0].tff  |TFF             |     1|
|39    |    \counter[1].tff  |TFF_0           |     1|
|40    |    \counter[2].tff  |TFF_1           |     1|
|41    |    \counter[3].tff  |TFF_2           |     1|
|42    |    \counter[4].tff  |TFF_3           |     1|
|43    |    \counter[5].tff  |TFF_4           |     1|
|44    |    \counter[6].tff  |TFF_5           |     1|
|45    |    \counter[7].tff  |TFF_6           |     2|
+------+---------------------+----------------+------+
---------------------------------------------------------------------------------
Finished Writing Synthesis Report : Time (s): cpu = 00:00:16 ; elapsed = 00:00:18 . Memory (MB): peak = 761.941 ; gain = 492.094
---------------------------------------------------------------------------------
Synthesis finished with 0 errors, 0 critical warnings and 0 warnings.
Synthesis Optimization Runtime : Time (s): cpu = 00:00:10 ; elapsed = 00:00:13 . Memory (MB): peak = 761.941 ; gain = 146.324
Synthesis Optimization Complete : Time (s): cpu = 00:00:16 ; elapsed = 00:00:18 . Memory (MB): peak = 761.941 ; gain = 492.094
INFO: [Project 1-571] Translating synthesized netlist
INFO: [Project 1-570] Preparing netlist for logic optimization
INFO: [Opt 31-138] Pushed 0 inverter(s) to 0 load pin(s).
Netlist sorting complete. Time (s): cpu = 00:00:00 ; elapsed = 00:00:00 . Memory (MB): peak = 774.516 ; gain = 0.000
INFO: [Project 1-111] Unisim Transformation Summary:
No Unisim elements were transformed.

INFO: [Common 17-83] Releasing license: Synthesis
36 Infos, 0 Warnings, 0 Critical Warnings and 0 Errors encountered.
synth_design completed successfully
synth_design: Time (s): cpu = 00:00:18 ; elapsed = 00:00:20 . Memory (MB): peak = 774.516 ; gain = 504.668
Netlist sorting complete. Time (s): cpu = 00:00:00 ; elapsed = 00:00:00 . Memory (MB): peak = 774.516 ; gain = 0.000
WARNING: [Constraints 18-5210] No constraints selected for write.
Resolution: This message can indicate that there are no constraints for the design, or it can indicate that the used_in flags are set such that the constraints are ignored. This later case is used when running synth_design to not write synthesis constraints to the resulting checkpoint. Instead, project constraints are read when the synthesized design is opened.
INFO: [Common 17-1381] The checkpoint 'D:/vivadoproject/Tero/Tero.runs/synth_1/top_config.dcp' has been generated.
INFO: [runtcl-4] Executing : report_utilization -file top_config_utilization_synth.rpt -pb top_config_utilization_synth.pb
INFO: [Common 17-206] Exiting Vivado at Wed Feb 24 16:40:40 2021...
