00:17:14 INFO  : Registering command handlers for SDK TCF services
00:17:15 INFO  : Launching XSCT server: xsct.bat -interactive D:\vivadoproject\Tero\Tero.sdk\temp_xsdb_launch_script.tcl
00:17:17 INFO  : XSCT server has started successfully.
00:17:17 INFO  : Processing command line option -hwspec D:/vivadoproject/Tero/Tero.sdk/design_1_wrapper.hdf.
00:17:17 INFO  : Successfully done setting XSCT server connection channel  
00:17:17 INFO  : Successfully done setting SDK workspace  
00:18:11 INFO  : Connected to target on host '127.0.0.1' and port '3121'.
00:18:12 INFO  : 'targets -set -filter {jtag_cable_name =~ "Xilinx TUL 1234-tulA" && level==0} -index 1' command is executed.
00:18:14 INFO  : FPGA configured successfully with bitstream "D:/vivadoproject/Tero/Tero.sdk/design_1_wrapper_hw_platform_0/design_1_wrapper.bit"
00:18:41 INFO  : 'targets -set -filter {jtag_cable_name =~ "Xilinx TUL 1234-tulA" && level==0} -index 1' command is executed.
00:18:41 INFO  : 'fpga -state' command is executed.
00:18:41 INFO  : Connected to target on host '127.0.0.1' and port '3121'.
00:18:41 INFO  : Jtag cable 'Xilinx TUL 1234-tulA' is selected.
00:18:41 INFO  : 'jtag frequency' command is executed.
00:18:41 INFO  : Sourcing of 'D:/vivadoproject/Tero/Tero.sdk/design_1_wrapper_hw_platform_0/ps7_init.tcl' is done.
00:18:41 INFO  : Context for 'APU' is selected.
00:18:41 INFO  : Hardware design information is loaded from 'D:/vivadoproject/Tero/Tero.sdk/design_1_wrapper_hw_platform_0/system.hdf'.
00:18:41 INFO  : 'configparams force-mem-access 1' command is executed.
00:18:41 INFO  : Context for 'APU' is selected.
00:18:42 INFO  : 'stop' command is executed.
00:18:42 INFO  : 'ps7_init' command is executed.
00:18:42 INFO  : 'ps7_post_config' command is executed.
00:18:42 INFO  : Context for processor 'ps7_cortexa9_0' is selected.
00:18:42 INFO  : Processor reset is completed for 'ps7_cortexa9_0'.
00:18:42 INFO  : Context for processor 'ps7_cortexa9_0' is selected.
00:18:42 INFO  : The application 'D:/vivadoproject/Tero/Tero.sdk/test/Debug/test.elf' is downloaded to processor 'ps7_cortexa9_0'.
00:18:42 INFO  : 'configparams force-mem-access 0' command is executed.
00:18:42 INFO  : ----------------XSDB Script----------------
connect -url tcp:127.0.0.1:3121
source D:/vivadoproject/Tero/Tero.sdk/design_1_wrapper_hw_platform_0/ps7_init.tcl
targets -set -nocase -filter {name =~"APU*" && jtag_cable_name =~ "Xilinx TUL 1234-tulA"} -index 0
loadhw -hw D:/vivadoproject/Tero/Tero.sdk/design_1_wrapper_hw_platform_0/system.hdf -mem-ranges [list {0x40000000 0xbfffffff}]
configparams force-mem-access 1
targets -set -nocase -filter {name =~"APU*" && jtag_cable_name =~ "Xilinx TUL 1234-tulA"} -index 0
stop
ps7_init
ps7_post_config
targets -set -nocase -filter {name =~ "ARM*#0" && jtag_cable_name =~ "Xilinx TUL 1234-tulA"} -index 0
rst -processor
targets -set -nocase -filter {name =~ "ARM*#0" && jtag_cable_name =~ "Xilinx TUL 1234-tulA"} -index 0
dow D:/vivadoproject/Tero/Tero.sdk/test/Debug/test.elf
configparams force-mem-access 0
----------------End of Script----------------

00:18:42 INFO  : Memory regions updated for context APU
00:18:42 INFO  : Context for processor 'ps7_cortexa9_0' is selected.
00:18:42 INFO  : 'con' command is executed.
00:18:42 INFO  : ----------------XSDB Script (After Launch)----------------
targets -set -nocase -filter {name =~ "ARM*#0" && jtag_cable_name =~ "Xilinx TUL 1234-tulA"} -index 0
con
----------------End of Script----------------

00:18:42 INFO  : Launch script is exported to file 'D:\vivadoproject\Tero\Tero.sdk\.sdk\launch_scripts\xilinx_c-c++_application_(system_debugger)\system_debugger_using_debug_test.elf_on_local.tcl'
00:20:01 INFO  : Disconnected from the channel tcfchan#1.
00:20:02 INFO  : 'targets -set -filter {jtag_cable_name =~ "Xilinx TUL 1234-tulA" && level==0} -index 1' command is executed.
00:20:02 INFO  : 'fpga -state' command is executed.
00:20:02 INFO  : Connected to target on host '127.0.0.1' and port '3121'.
00:20:03 INFO  : Jtag cable 'Xilinx TUL 1234-tulA' is selected.
00:20:03 INFO  : 'jtag frequency' command is executed.
00:20:03 INFO  : Sourcing of 'D:/vivadoproject/Tero/Tero.sdk/design_1_wrapper_hw_platform_0/ps7_init.tcl' is done.
00:20:03 INFO  : Context for 'APU' is selected.
00:20:05 INFO  : Hardware design information is loaded from 'D:/vivadoproject/Tero/Tero.sdk/design_1_wrapper_hw_platform_0/system.hdf'.
00:20:05 INFO  : 'configparams force-mem-access 1' command is executed.
00:20:05 INFO  : Context for 'APU' is selected.
00:20:05 INFO  : 'stop' command is executed.
00:20:05 INFO  : 'ps7_init' command is executed.
00:20:05 INFO  : 'ps7_post_config' command is executed.
00:20:05 INFO  : Context for processor 'ps7_cortexa9_0' is selected.
00:20:05 INFO  : Processor reset is completed for 'ps7_cortexa9_0'.
00:20:05 INFO  : Context for processor 'ps7_cortexa9_0' is selected.
00:20:05 INFO  : The application 'D:/vivadoproject/Tero/Tero.sdk/test/Debug/test.elf' is downloaded to processor 'ps7_cortexa9_0'.
00:20:05 INFO  : 'configparams force-mem-access 0' command is executed.
00:20:05 INFO  : ----------------XSDB Script----------------
connect -url tcp:127.0.0.1:3121
source D:/vivadoproject/Tero/Tero.sdk/design_1_wrapper_hw_platform_0/ps7_init.tcl
targets -set -nocase -filter {name =~"APU*" && jtag_cable_name =~ "Xilinx TUL 1234-tulA"} -index 0
loadhw -hw D:/vivadoproject/Tero/Tero.sdk/design_1_wrapper_hw_platform_0/system.hdf -mem-ranges [list {0x40000000 0xbfffffff}]
configparams force-mem-access 1
targets -set -nocase -filter {name =~"APU*" && jtag_cable_name =~ "Xilinx TUL 1234-tulA"} -index 0
stop
ps7_init
ps7_post_config
targets -set -nocase -filter {name =~ "ARM*#0" && jtag_cable_name =~ "Xilinx TUL 1234-tulA"} -index 0
rst -processor
targets -set -nocase -filter {name =~ "ARM*#0" && jtag_cable_name =~ "Xilinx TUL 1234-tulA"} -index 0
dow D:/vivadoproject/Tero/Tero.sdk/test/Debug/test.elf
configparams force-mem-access 0
----------------End of Script----------------

00:20:05 INFO  : Memory regions updated for context APU
00:20:05 INFO  : Context for processor 'ps7_cortexa9_0' is selected.
00:20:05 INFO  : 'con' command is executed.
00:20:05 INFO  : ----------------XSDB Script (After Launch)----------------
targets -set -nocase -filter {name =~ "ARM*#0" && jtag_cable_name =~ "Xilinx TUL 1234-tulA"} -index 0
con
----------------End of Script----------------

00:20:05 INFO  : Launch script is exported to file 'D:\vivadoproject\Tero\Tero.sdk\.sdk\launch_scripts\xilinx_c-c++_application_(system_debugger)\system_debugger_using_debug_test.elf_on_local.tcl'
00:24:04 INFO  : Disconnected from the channel tcfchan#2.
